Build started 2011-06-10 16:02:01.
     1>Project "L:\wwwhost\mediachrome\MediaChrome\MediaChrome\Spoticore\Spoticore.vcxproj" on node 2 (build target(s)).
     1>PrepareForBuild:
         Creating directory "L:\wwwhost\mediachrome\MediaChrome\MediaChrome\MediaChromeGUI\Debug\".
       InitializeBuildStatus:
         Creating "Debug\Spoticore.unsuccessfulbuild" because "AlwaysCreate" was specified.
       ClCompile:
         C:\Program Files\Microsoft Visual Studio 10.0\VC\bin\CL.exe /c /ZI /nologo /W3 /WX- /Od /Oy- /D WIN32 /D _DEBUG /D _CONSOLE /D _UNICODE /D UNICODE /Gm /EHsc /RTC1 /MDd /GS /fp:precise /Zc:wchar_t /Zc:forScope /Yc"StdAfx.h" /Fp"Debug\Spoticore.pch" /Fo"Debug\\" /Fd"Debug\vc100.pdb" /Gd /TP /analyze- /errorReport:prompt stdafx.cpp
         stdafx.cpp
         C:\Program Files\Microsoft Visual Studio 10.0\VC\bin\CL.exe /c /ZI /nologo /W3 /WX- /Od /Oy- /D WIN32 /D _DEBUG /D _CONSOLE /D _UNICODE /D UNICODE /Gm /EHsc /RTC1 /MDd /GS /fp:precise /Zc:wchar_t /Zc:forScope /Yu"StdAfx.h" /Fp"Debug\Spoticore.pch" /Fo"Debug\\" /Fd"Debug\vc100.pdb" /Gd /TP /analyze- /errorReport:prompt Spoticore.cpp
         Spoticore.cpp
       ManifestResourceCompile:
         C:\Program Files\Microsoft SDKs\Windows\v7.0A\bin\rc.exe /nologo /fo"Debug\Spoticore.exe.embed.manifest.res" Debug\Spoticore_manifest.rc 
       Link:
         C:\Program Files\Microsoft Visual Studio 10.0\VC\bin\link.exe /ERRORREPORT:PROMPT /OUT:"L:\wwwhost\mediachrome\MediaChrome\MediaChrome\MediaChromeGUI\Debug\Spoticore.exe" /INCREMENTAL /NOLOGO kernel32.lib user32.lib gdi32.lib winspool.lib comdlg32.lib advapi32.lib shell32.lib ole32.lib oleaut32.lib uuid.lib odbc32.lib odbccp32.lib /MANIFEST /ManifestFile:"Debug\Spoticore.exe.intermediate.manifest" /MANIFESTUAC:"level='asInvoker' uiAccess='false'" /DEBUG /PDB:"L:\wwwhost\mediachrome\MediaChrome\MediaChrome\MediaChromeGUI\Debug\Spoticore.pdb" /SUBSYSTEM:CONSOLE /TLBID:1 /DYNAMICBASE /NXCOMPAT /IMPLIB:"L:\wwwhost\mediachrome\MediaChrome\MediaChrome\MediaChromeGUI\Debug\Spoticore.lib" /MACHINE:X86 Debug\Spoticore.exe.embed.manifest.res
         Debug\Spoticore.obj
         Debug\stdafx.obj
         "C:\Users\Alexander\Downloads\libspotify-0.0.8-win32 (1)\lib\libspotify.lib"
       Manifest:
         C:\Program Files\Microsoft SDKs\Windows\v7.0A\bin\mt.exe /nologo /verbose /out:"Debug\Spoticore.exe.embed.manifest" /manifest Debug\Spoticore.exe.intermediate.manifest
         C:\Program Files\Microsoft SDKs\Windows\v7.0A\bin\rc.exe /nologo /fo"Debug\Spoticore.exe.embed.manifest.res" Debug\Spoticore_manifest.rc 
       LinkEmbedManifest:
         All outputs are up-to-date.
         Spoticore.vcxproj -> L:\wwwhost\mediachrome\MediaChrome\MediaChrome\MediaChromeGUI\Debug\Spoticore.exe
       FinalizeBuildStatus:
         Deleting file "Debug\Spoticore.unsuccessfulbuild".
         Touching "Debug\Spoticore.lastbuildstate".
     1>Done Building Project "L:\wwwhost\mediachrome\MediaChrome\MediaChrome\Spoticore\Spoticore.vcxproj" (build target(s)).

Build succeeded.

Time Elapsed 00:00:08.69
